09/30/23 15:59:03: infinst: Installing C:\Users\alsuk\AppData\Local\Temp\DX59A.tmp\d3dx9_24_x64.inf [DefaultInstall]
09/30/23 15:59:03: infinst: Installed file C:\Windows\system32\d3dx9_24.dll
09/30/23 15:59:03: infinst: Installing C:\Users\alsuk\AppData\Local\Temp\DX59A.tmp\d3dx9_25_x64.inf [DefaultInstall]
09/30/23 15:59:03: infinst: Installed file C:\Windows\system32\d3dx9_25.dll
09/30/23 15:59:04: infinst: Installing C:\Users\alsuk\AppData\Local\Temp\DX59A.tmp\d3dx9_26_x64.inf [DefaultInstall]
09/30/23 15:59:04: infinst: Installed file C:\Windows\system32\d3dx9_26.dll
09/30/23 15:59:05: infinst: Installing C:\Users\alsuk\AppData\Local\Temp\DX59A.tmp\d3dx9_27_x64.inf [DefaultInstall]
09/30/23 15:59:05: infinst: Installed file C:\Windows\system32\d3dx9_27.dll
09/30/23 15:59:05: infinst: Installing C:\Users\alsuk\AppData\Local\Temp\DX59A.tmp\d3dx9_28_x64.inf [DefaultInstall]
09/30/23 15:59:05: infinst: Installed file C:\Windows\system32\d3dx9_28.dll
09/30/23 15:59:06: infinst: Installing C:\Users\alsuk\AppData\Local\Temp\DX59A.tmp\d3dx9_29_x64.inf [DefaultInstall]
09/30/23 15:59:06: infinst: Installed file C:\Windows\system32\d3dx9_29.dll
09/30/23 15:59:07: infinst: Installing C:\Users\alsuk\AppData\Local\Temp\DX59A.tmp\XACT_x64.inf [DefaultInstall]
09/30/23 15:59:07: infinst: Installed file C:\Windows\system32\xactengine2_0.dll
09/30/23 15:59:07: infinst: Installed file C:\Windows\system32\x3daudio1_0.dll
09/30/23 15:59:08: infinst: Installing C:\Users\alsuk\AppData\Local\Temp\DX59A.tmp\d3dx9_30_x64.inf [DefaultInstall]
09/30/23 15:59:08: infinst: Installed file C:\Windows\system32\d3dx9_30.dll
09/30/23 15:59:11: infinst: Installing C:\Users\alsuk\AppData\Local\Temp\DX59A.tmp\XACT2_1_x64.inf [DefaultInstall]
09/30/23 15:59:11: infinst: Installed file C:\Windows\system32\xactengine2_1.dll
09/30/23 15:59:11: infinst: Target file: 'C:\Windows\system32\x3daudio1_0.dll' 
	Target file is Version 9.11.519.0
	Source file is Version 9.11.519.0
09/30/23 15:59:11: infinst: C:\Windows\system32\x3daudio1_0.dll have been installed already.
09/30/23 15:59:12: infinst: Installing C:\Users\alsuk\AppData\Local\Temp\DX59A.tmp\xinput1_1_x64.inf [Install_Driver]
09/30/23 15:59:13: infinst: Installed file C:\Windows\system32\xinput1_1.dll
09/30/23 15:59:16: infinst: Installing C:\Users\alsuk\AppData\Local\Temp\DX59A.tmp\XACT2_2_x64.inf [DefaultInstall]
09/30/23 15:59:20: infinst: Installed file C:\Windows\system32\xactengine2_2.dll
09/30/23 15:59:20: infinst: Target file: 'C:\Windows\system32\x3daudio1_0.dll' 
	Target file is Version 9.11.519.0
	Source file is Version 9.11.519.0
09/30/23 15:59:20: infinst: C:\Windows\system32\x3daudio1_0.dll have been installed already.
09/30/23 15:59:34: infinst: Installing C:\Users\alsuk\AppData\Local\Temp\DX59A.tmp\xinput1_2_x64.inf [Install_Driver]
09/30/23 15:59:35: infinst: Installed file C:\Windows\system32\xinput1_2.dll
09/30/23 15:59:35: infinst: Installing C:\Users\alsuk\AppData\Local\Temp\DX59A.tmp\XACT2_3_x64.inf [DefaultInstall]
09/30/23 15:59:35: infinst: Installed file C:\Windows\system32\xactengine2_3.dll
09/30/23 15:59:35: infinst: Target file: 'C:\Windows\system32\x3daudio1_0.dll' 
	Target file is Version 9.11.519.0
	Source file is Version 9.11.519.0
09/30/23 15:59:35: infinst: C:\Windows\system32\x3daudio1_0.dll have been installed already.
09/30/23 15:59:36: infinst: Installing C:\Users\alsuk\AppData\Local\Temp\DX59A.tmp\d3dx9_31_x64.inf [DefaultInstall]
09/30/23 15:59:36: infinst: Installed file C:\Windows\system32\d3dx9_31.dll
09/30/23 15:59:36: infinst: Installing C:\Users\alsuk\AppData\Local\Temp\DX59A.tmp\XACT2_4_x64.inf [DefaultInstall]
09/30/23 15:59:36: infinst: Installed file C:\Windows\system32\xactengine2_4.dll
09/30/23 15:59:36: infinst: Installed file C:\Windows\system32\x3daudio1_1.dll
09/30/23 15:59:37: infinst: Installing C:\Users\alsuk\AppData\Local\Temp\DX59A.tmp\d3dx9_32_x64.inf [DefaultInstall]
09/30/23 15:59:37: infinst: Installed file C:\Windows\system32\d3dx9_32.dll
09/30/23 15:59:37: infinst: Installing C:\Users\alsuk\AppData\Local\Temp\DX59A.tmp\d3dx10_00_x64.inf [DefaultInstall]
09/30/23 15:59:38: infinst: Installed file C:\Windows\system32\d3dx10.dll
09/30/23 15:59:38: infinst: Installing C:\Users\alsuk\AppData\Local\Temp\DX59A.tmp\XACT2_5_x64.inf [DefaultInstall]
09/30/23 15:59:38: infinst: Installed file C:\Windows\system32\xactengine2_5.dll
09/30/23 15:59:38: infinst: Target file: 'C:\Windows\system32\x3daudio1_1.dll' 
	Target file is Version 9.15.779.0
	Source file is Version 9.15.779.0
09/30/23 15:59:38: infinst: Installed file C:\Windows\system32\x3daudio1_1.dll
09/30/23 15:59:39: infinst: Installing C:\Users\alsuk\AppData\Local\Temp\DX59A.tmp\XACT2_6_x64.inf [DefaultInstall]
09/30/23 15:59:39: infinst: Installed file C:\Windows\system32\xactengine2_6.dll
09/30/23 15:59:39: infinst: Target file: 'C:\Windows\system32\x3daudio1_1.dll' 
	Target file is Version 9.15.779.0
	Source file is Version 9.15.779.0
09/30/23 15:59:39: infinst: Installed file C:\Windows\system32\x3daudio1_1.dll
09/30/23 15:59:40: infinst: Installing C:\Users\alsuk\AppData\Local\Temp\DX59A.tmp\d3dx9_33_x64.inf [DefaultInstall]
09/30/23 15:59:40: infinst: Installed file C:\Windows\system32\d3dx9_33.dll
09/30/23 15:59:41: infinst: Installing C:\Users\alsuk\AppData\Local\Temp\DX59A.tmp\d3dx10_33_x64.inf [DefaultInstall]
09/30/23 15:59:41: infinst: Installed file C:\Windows\system32\d3dx10_33.dll
09/30/23 15:59:41: infinst: Installed file C:\Windows\system32\D3DCompiler_33.dll
09/30/23 15:59:42: infinst: Installing C:\Users\alsuk\AppData\Local\Temp\DX59A.tmp\XACT2_7_x64.inf [DefaultInstall]
09/30/23 15:59:42: infinst: Installed file C:\Windows\system32\xactengine2_7.dll
09/30/23 15:59:42: infinst: Target file: 'C:\Windows\system32\x3daudio1_1.dll' 
	Target file is Version 9.15.779.0
	Source file is Version 9.15.779.0
09/30/23 15:59:42: infinst: Installed file C:\Windows\system32\x3daudio1_1.dll
09/30/23 15:59:42: infinst: Installing C:\Users\alsuk\AppData\Local\Temp\DX59A.tmp\xinput1_3_x64.inf [Install_Driver]
09/30/23 15:59:42: infinst: Installed file C:\Windows\system32\xinput1_3.dll
09/30/23 15:59:43: infinst: Installing C:\Users\alsuk\AppData\Local\Temp\DX59A.tmp\d3dx9_34_x64.inf [DefaultInstall]
09/30/23 15:59:43: infinst: Installed file C:\Windows\system32\d3dx9_34.dll
09/30/23 15:59:43: infinst: Installing C:\Users\alsuk\AppData\Local\Temp\DX59A.tmp\d3dx10_34_x64.inf [DefaultInstall]
09/30/23 15:59:43: infinst: Installed file C:\Windows\system32\d3dx10_34.dll
09/30/23 15:59:44: infinst: Installed file C:\Windows\system32\D3DCompiler_34.dll
09/30/23 15:59:44: infinst: Installing C:\Users\alsuk\AppData\Local\Temp\DX59A.tmp\XACT2_8_x64.inf [DefaultInstall]
09/30/23 15:59:44: infinst: Installed file C:\Windows\system32\xactengine2_8.dll
09/30/23 15:59:44: infinst: Installed file C:\Windows\system32\x3daudio1_2.dll
09/30/23 15:59:45: infinst: Installing C:\Users\alsuk\AppData\Local\Temp\DX59A.tmp\d3dx9_35_x64.inf [DefaultInstall]
09/30/23 15:59:45: infinst: Installed file C:\Windows\system32\d3dx9_35.dll
09/30/23 15:59:46: infinst: Installing C:\Users\alsuk\AppData\Local\Temp\DX59A.tmp\d3dx10_35_x64.inf [DefaultInstall]
09/30/23 15:59:46: infinst: Installed file C:\Windows\system32\d3dx10_35.dll
09/30/23 15:59:46: infinst: Installed file C:\Windows\system32\D3DCompiler_35.dll
09/30/23 15:59:49: infinst: Installing C:\Users\alsuk\AppData\Local\Temp\DX59A.tmp\XACT2_9_x64.inf [DefaultInstall]
09/30/23 15:59:49: infinst: Installed file C:\Windows\system32\xactengine2_9.dll
09/30/23 15:59:49: infinst: Target file: 'C:\Windows\system32\x3daudio1_2.dll' 
	Target file is Version 9.19.1007.0
	Source file is Version 9.20.1057.0
09/30/23 15:59:49: infinst: Installed file C:\Windows\system32\x3daudio1_2.dll
09/30/23 15:59:50: infinst: Installing C:\Users\alsuk\AppData\Local\Temp\DX59A.tmp\d3dx9_36_x64.inf [DefaultInstall]
09/30/23 15:59:50: infinst: Installed file C:\Windows\system32\d3dx9_36.dll
09/30/23 15:59:50: infinst: Installing C:\Users\alsuk\AppData\Local\Temp\DX59A.tmp\d3dx10_36_x64.inf [DefaultInstall]
09/30/23 15:59:51: infinst: Installed file C:\Windows\system32\d3dx10_36.dll
09/30/23 15:59:51: infinst: Installed file C:\Windows\system32\D3DCompiler_36.dll
09/30/23 15:59:51: infinst: Installing C:\Users\alsuk\AppData\Local\Temp\DX59A.tmp\X3DAudio1_2_x64.inf [DefaultInstall]
09/30/23 15:59:51: infinst: Target file: 'C:\Windows\system32\X3DAudio1_2.dll' 
	Target file is Version 9.20.1057.0
	Source file is Version 9.21.1148.0
09/30/23 15:59:51: infinst: Installed file C:\Windows\system32\X3DAudio1_2.dll
09/30/23 15:59:52: infinst: Installing C:\Users\alsuk\AppData\Local\Temp\DX59A.tmp\XACT2_10_x64.inf [DefaultInstall]
09/30/23 15:59:52: infinst: Installed file C:\Windows\system32\xactengine2_10.dll
09/30/23 15:59:53: infinst: Installing C:\Users\alsuk\AppData\Local\Temp\DX59A.tmp\D3DX9_37_x64.inf [DefaultInstall]
09/30/23 15:59:53: infinst: Installed file C:\Windows\system32\D3DX9_37.dll
09/30/23 15:59:53: infinst: Installing C:\Users\alsuk\AppData\Local\Temp\DX59A.tmp\d3dx10_37_x64.inf [DefaultInstall]
09/30/23 15:59:53: infinst: Installed file C:\Windows\system32\d3dx10_37.dll
09/30/23 15:59:54: infinst: Installed file C:\Windows\system32\D3DCompiler_37.dll
09/30/23 15:59:54: infinst: Installing C:\Users\alsuk\AppData\Local\Temp\DX59A.tmp\X3DAudio1_3_x64.inf [DefaultInstall]
09/30/23 15:59:54: infinst: Installed file C:\Windows\system32\X3DAudio1_3.dll
09/30/23 15:59:54: infinst: Installing C:\Users\alsuk\AppData\Local\Temp\DX59A.tmp\XACT3_0_x64.inf [DefaultInstall]
09/30/23 15:59:54: infinst: Installed file C:\Windows\system32\xactengine3_0.dll
09/30/23 15:59:55: infinst: Installing C:\Users\alsuk\AppData\Local\Temp\DX59A.tmp\XAudio2_0_x64.inf [DefaultInstall]
09/30/23 15:59:55: infinst: Installed file C:\Windows\system32\XAudio2_0.dll
06/20/24 15:57:10: infinst: Installing C:\Users\alsuk\AppData\Local\Temp\DXEDD8.tmp\xinput1_3_x64.inf [Install_Driver]
06/20/24 15:57:10: infinst: Target file: 'C:\Windows\system32\xinput1_3.dll' 
	Target file is Version 9.18.944.0
	Source file is Version 9.18.944.0
06/20/24 15:57:10: infinst: C:\Windows\system32\xinput1_3.dll have been installed already.
